#
# A fatal error has been detected by the Java Runtime Environment:
#
#  EXCEPTION_ACCESS_VIOLATION (0xc0000005) at pc=0x00000000212438e0, pid=10088, tid=0x0000000000002cc8
#
# JRE version: Java(TM) SE Runtime Environment (8.0_171-b11) (build 1.8.0_171-b11)
# Java VM: Java HotSpot(TM) 64-Bit Server VM (25.171-b11 mixed mode windows-amd64 compressed oops)
# Problematic frame:
# C  [libmwfoundation_usm.dll+0x38e0]
#
# Failed to write core dump. Minidumps are not enabled by default on client versions of Windows
#
# If you would like to submit a bug report, please visit:
#   http://bugreport.java.com/bugreport/crash.jsp
# The crash happened outside the Java Virtual Machine in native code.
# See problematic frame for where to report the bug.
#

---------------  T H R E A D  ---------------

Current thread (0x0000000019bf1800):  JavaThread "Thread-2" [_thread_in_native, id=11464, stack(0x0000000033fd0000,0x00000000340d0000)]

siginfo: ExceptionCode=0xc0000005, reading address 0x00000000000000e0

Registers:
RAX=0x0000000000000001, RBX=0x00000000340ce7d8, RCX=0x00000000340ce7d8, RDX=0x00000000000000e0
RSP=0x00000000340ce6b0, RBP=0x00000000340ce970, RSI=0x0000000000000001, RDI=0x00000000283fad70
R8 =0x00000000340ce6d8, R9 =0x0000000000000000, R10=0x0000000029d4b470, R11=0x0000000029d52080
R12=0x00000000283e7df0, R13=0x0000000000000000, R14=0x00000000222113ac, R15=0x00000000222113ac
RIP=0x00000000212438e0, EFLAGS=0x0000000000010202

Top of Stack: (sp=0x00000000340ce6b0)
0x00000000340ce6b0:   0000000027edac00 0000000027edab00
0x00000000340ce6c0:   00007ffc416a9f10 0000000000000000
0x00000000340ce6d0:   fffffffffffffffe 0000000000000000
0x00000000340ce6e0:   0000000000000000 0000000000000000
0x00000000340ce6f0:   00000000340ce7c0 00000000221652a0
0x00000000340ce700:   0000000000000080 0000000000000054
0x00000000340ce710:   0000000000000002 00007ffc599c6a57
0x00000000340ce720:   fffffffffffffffe 0000000000000080
0x00000000340ce730:   0000000000000000 00000000221ce6a7
0x00000000340ce740:   00000000340ce7c0 00000000340ce8f0
0x00000000340ce750:   0000000000000000 0000000000000054
0x00000000340ce760:   0000000000000068 0000000000000000
0x00000000340ce770:   000000000000002a 00000000200b17ed
0x00000000340ce780:   0000000031d47f90 0000000000000000
0x00000000340ce790:   00000000340ce968 0000000000000000
0x00000000340ce7a0:   0000000000000000 fffffffffffffffe 

Instructions: (pc=0x00000000212438e0)
0x00000000212438c0:   40 53 48 83 ec 40 48 c7 44 24 20 fe ff ff ff 48
0x00000000212438d0:   8b d9 0f 57 c0 f3 0f 7f 44 24 28 4c 8d 44 24 28
0x00000000212438e0:   48 8b 12 e8 88 3b 00 00 90 48 8b c3 48 83 c4 40
0x00000000212438f0:   5b c3 cc cc cc cc cc cc cc cc cc cc cc cc cc cc 


Register to memory mapping:

RAX=0x0000000000000001 is an unknown value
RBX=0x00000000340ce7d8 is pointing into the stack for thread: 0x0000000019bf1800
RCX=0x00000000340ce7d8 is pointing into the stack for thread: 0x0000000019bf1800
RDX=0x00000000000000e0 is an unknown value
RSP=0x00000000340ce6b0 is pointing into the stack for thread: 0x0000000019bf1800
RBP=0x00000000340ce970 is pointing into the stack for thread: 0x0000000019bf1800
RSI=0x0000000000000001 is an unknown value
RDI=0x00000000283fad70 is an unknown value
R8 =0x00000000340ce6d8 is pointing into the stack for thread: 0x0000000019bf1800
R9 =0x0000000000000000 is an unknown value
R10=0x0000000029d4b470 is an unknown value
R11=0x0000000029d52080 is an unknown value
R12=0x00000000283e7df0 is an unknown value
R13=0x0000000000000000 is an unknown value
R14=0x00000000222113ac is an unknown value
R15=0x00000000222113ac is an unknown value


Stack: [0x0000000033fd0000,0x00000000340d0000],  sp=0x00000000340ce6b0,  free space=1017k
Native frames: (J=compiled Java code, j=interpreted, Vv=VM code, C=native code)
C  [libmwfoundation_usm.dll+0x38e0]
C  [mcr.dll+0x52a0]
C  [mcr.dll+0x6e6a7]
C  [mcr.dll+0x6ad86]
C  [mcr.dll+0x6b007]
C  [mcr.dll+0x6d306]
C  [mcr.dll+0x6aed4]
C  0x0000000027c144d6
C  [mvm.dll+0xb786b]
C  [mvm.dll+0x78c38]
C  0x0000000027c1a161
C  0x0000000027c2dcd5
C  [mvm.dll+0x12b185]
C  [mvm.dll+0x1c7cb]
C  [mclbase.dll+0x1c166]
C  [nativemcl.dll+0x104d07]
C  0x0000000002dd8c67

Java frames: (J=compiled Java code, j=interpreted, Vv=VM code)
j  com.mathworks.toolbox.javabuilder.internal.MWMCR.mclTerminateApplication()Z+0
j  com.mathworks.toolbox.javabuilder.internal.MWMCR.shutdown()V+57
j  com.mathworks.toolbox.javabuilder.internal.MWMCR$7.run()V+0
v  ~StubRoutines::call_stub

---------------  P R O C E S S  ---------------

Java Threads: ( => current thread )
=>0x0000000019bf1800 JavaThread "Thread-2" [_thread_in_native, id=11464, stack(0x0000000033fd0000,0x00000000340d0000)]
  0x0000000017985800 JavaThread "Connector Runnable" daemon [_thread_blocked, id=11680, stack(0x0000000033690000,0x0000000033790000)]
  0x0000000017984000 JavaThread "Image Fetcher 1" daemon [_thread_blocked, id=8424, stack(0x0000000033590000,0x0000000033690000)]
  0x0000000017982800 JavaThread "EventMgr Dispatcher" daemon [_thread_in_native, id=6220, stack(0x0000000031b70000,0x0000000031c70000)]
  0x0000000017981000 JavaThread "MATLAB Compiler Runtime" daemon [_thread_in_native, id=11360, stack(0x000000002a470000,0x000000002ac70000)]
  0x0000000017982000 JavaThread "Thread-4" [_thread_blocked, id=9836, stack(0x0000000027fe0000,0x00000000280e0000)]
  0x0000000017983800 JavaThread "Thread-3" daemon [_thread_in_native, id=11488, stack(0x0000000027ee0000,0x0000000027fe0000)]
  0x0000000019a3c000 JavaThread "Image Fetcher 0" daemon [_thread_blocked, id=2464, stack(0x000000001cdb0000,0x000000001ceb0000)]
  0x0000000002cbe000 JavaThread "DestroyJavaVM" [_thread_blocked, id=4524, stack(0x0000000002b20000,0x0000000002c20000)]
  0x00000000196a5000 JavaThread "AWT-EventQueue-0" [_thread_blocked, id=11988, stack(0x000000001a4e0000,0x000000001a5e0000)]
  0x0000000019a23000 JavaThread "AWT-Shutdown" [_thread_blocked, id=9824, stack(0x000000001a2e0000,0x000000001a3e0000)]
  0x0000000019a22800 JavaThread "Java2D Disposer" daemon [_thread_blocked, id=3660, stack(0x000000001a1e0000,0x000000001a2e0000)]
  0x00000000192e8800 JavaThread "Service Thread" daemon [_thread_blocked, id=5840, stack(0x00000000196b0000,0x00000000197b0000)]
  0x0000000017980800 JavaThread "C1 CompilerThread2" daemon [_thread_blocked, id=4380, stack(0x00000000191b0000,0x00000000192b0000)]
  0x0000000017975800 JavaThread "C2 CompilerThread1" daemon [_thread_blocked, id=7684, stack(0x00000000190b0000,0x00000000191b0000)]
  0x000000001796f000 JavaThread "C2 CompilerThread0" daemon [_thread_blocked, id=10572, stack(0x0000000018fb0000,0x00000000190b0000)]
  0x000000001796c800 JavaThread "Attach Listener" daemon [_thread_blocked, id=8316, stack(0x0000000018eb0000,0x0000000018fb0000)]
  0x000000001796c000 JavaThread "Signal Dispatcher" daemon [_thread_blocked, id=6488, stack(0x0000000018db0000,0x0000000018eb0000)]
  0x0000000002dbc800 JavaThread "Finalizer" daemon [_thread_blocked, id=8320, stack(0x0000000018bc0000,0x0000000018cc0000)]
  0x0000000002db2000 JavaThread "Reference Handler" daemon [_thread_blocked, id=9876, stack(0x0000000018ac0000,0x0000000018bc0000)]

Other Threads:
  0x0000000017937800 VMThread [stack: 0x00000000189c0000,0x0000000018ac0000] [id=6300]
  0x00000000179ce800 WatcherThread [stack: 0x00000000197b0000,0x00000000198b0000] [id=5312]

VM state:not at safepoint (normal execution)

VM Mutex/Monitor currently owned by a thread: None

Heap:
 PSYoungGen      total 38400K, used 28748K [0x00000000d5980000, 0x00000000d8400000, 0x0000000100000000)
  eden space 33280K, 73% used [0x00000000d5980000,0x00000000d716b848,0x00000000d7a00000)
  from space 5120K, 83% used [0x00000000d7a00000,0x00000000d7e27af0,0x00000000d7f00000)
  to   space 5120K, 0% used [0x00000000d7f00000,0x00000000d7f00000,0x00000000d8400000)
 ParOldGen       total 87552K, used 16K [0x0000000080c00000, 0x0000000086180000, 0x00000000d5980000)
  object space 87552K, 0% used [0x0000000080c00000,0x0000000080c04000,0x0000000086180000)
 Metaspace       used 13292K, capacity 13626K, committed 13824K, reserved 1060864K
  class space    used 1609K, capacity 1724K, committed 1792K, reserved 1048576K

Card table byte_map: [0x0000000012180000,0x0000000012580000] byte_map_base: 0x0000000011d7a000

Marking Bits: (ParMarkBitMap*) 0x00000000616e08c0
 Begin Bits: [0x0000000012c30000, 0x0000000014c00000)
 End Bits:   [0x0000000014c00000, 0x0000000016bd0000)

Polling page: 0x0000000000f40000

CodeCache: size=245760Kb used=4415Kb max_used=4428Kb free=241344Kb
 bounds [0x0000000002dc0000, 0x0000000003220000, 0x0000000011dc0000]
 total_blobs=1719 nmethods=1174 adapters=458
 compilation: enabled

Compilation events (10 events):
Event: 4.165 Thread 0x0000000017980800 1172       3       java.net.URLStreamHandler::hostsEqual (75 bytes)
Event: 4.166 Thread 0x0000000017980800 nmethod 1172 0x0000000003206010 code [0x00000000032061c0, 0x0000000003206b38]
Event: 4.204 Thread 0x0000000017975800 nmethod 1158 0x000000000320bbd0 code [0x000000000320c000, 0x000000000320e268]
Event: 4.219 Thread 0x000000001796f000 nmethod 1133 0x00000000032141d0 code [0x0000000003214460, 0x0000000003216bf8]
Event: 4.305 Thread 0x0000000017980800 1173       3       java.util.HashMap$HashIterator::<init> (79 bytes)
Event: 4.305 Thread 0x0000000017980800 nmethod 1173 0x0000000003213b50 code [0x0000000003213cc0, 0x0000000003214050]
Event: 4.305 Thread 0x0000000017980800 1175  s    3       java.util.Hashtable::containsKey (65 bytes)
Event: 4.306 Thread 0x0000000017980800 nmethod 1175 0x0000000003213110 code [0x00000000032132a0, 0x00000000032138d8]
Event: 4.306 Thread 0x0000000017980800 1174       3       java.util.logging.LogManager$LoggerContext::ensureDefaultLogger (70 bytes)
Event: 4.307 Thread 0x0000000017980800 nmethod 1174 0x00000000032124d0 code [0x0000000003212680, 0x0000000003212f08]

GC Heap History (2 events):
Event: 3.873 GC heap before
{Heap before GC invocations=1 (full 0):
 PSYoungGen      total 38400K, used 33280K [0x00000000d5980000, 0x00000000d8400000, 0x0000000100000000)
  eden space 33280K, 100% used [0x00000000d5980000,0x00000000d7a00000,0x00000000d7a00000)
  from space 5120K, 0% used [0x00000000d7f00000,0x00000000d7f00000,0x00000000d8400000)
  to   space 5120K, 0% used [0x00000000d7a00000,0x00000000d7a00000,0x00000000d7f00000)
 ParOldGen       total 87552K, used 0K [0x0000000080c00000, 0x0000000086180000, 0x00000000d5980000)
  object space 87552K, 0% used [0x0000000080c00000,0x0000000080c00000,0x0000000086180000)
 Metaspace       used 11363K, capacity 11628K, committed 11776K, reserved 1058816K
  class space    used 1371K, capacity 1466K, committed 1536K, reserved 1048576K
Event: 3.882 GC heap after
Heap after GC invocations=1 (full 0):
 PSYoungGen      total 38400K, used 4254K [0x00000000d5980000, 0x00000000d8400000, 0x0000000100000000)
  eden space 33280K, 0% used [0x00000000d5980000,0x00000000d5980000,0x00000000d7a00000)
  from space 5120K, 83% used [0x00000000d7a00000,0x00000000d7e27af0,0x00000000d7f00000)
  to   space 5120K, 0% used [0x00000000d7f00000,0x00000000d7f00000,0x00000000d8400000)
 ParOldGen       total 87552K, used 16K [0x0000000080c00000, 0x0000000086180000, 0x00000000d5980000)
  object space 87552K, 0% used [0x0000000080c00000,0x0000000080c04000,0x0000000086180000)
 Metaspace       used 11363K, capacity 11628K, committed 11776K, reserved 1058816K
  class space    used 1371K, capacity 1466K, committed 1536K, reserved 1048576K
}

Deoptimization events (10 events):
Event: 3.749 Thread 0x0000000017981000 Uncommon trap: reason=class_check action=maybe_recompile pc=0x0000000002f33620 method=java.lang.String.equals(Ljava/lang/Object;)Z @ 8
Event: 3.749 Thread 0x0000000017981000 Uncommon trap: reason=class_check action=maybe_recompile pc=0x0000000002f33620 method=java.lang.String.equals(Ljava/lang/Object;)Z @ 8
Event: 3.943 Thread 0x0000000017981000 Uncommon trap: reason=unstable_if action=reinterpret pc=0x0000000003181ab4 method=sun.misc.MetaIndex.mayContain(Ljava/lang/String;)Z @ 38
Event: 3.948 Thread 0x0000000017981000 Uncommon trap: reason=unstable_if action=reinterpret pc=0x000000000300a97c method=java.lang.String.indexOf([CII[CIII)I @ 3
Event: 3.952 Thread 0x0000000017981000 Uncommon trap: reason=predicate action=maybe_recompile pc=0x000000000307f384 method=java.lang.String.regionMatches(ZILjava/lang/String;II)Z @ 63
Event: 4.042 Thread 0x0000000017981000 Uncommon trap: reason=unstable_if action=reinterpret pc=0x0000000003032d4c method=java.util.regex.Matcher.reset()Ljava/util/regex/Matcher; @ 47
Event: 4.042 Thread 0x0000000017981000 Uncommon trap: reason=class_check action=maybe_recompile pc=0x000000000304b0e8 method=java.util.regex.Pattern$CharProperty$1.isSatisfiedBy(I)Z @ 5
Event: 4.042 Thread 0x0000000017981000 Uncommon trap: reason=class_check action=maybe_recompile pc=0x000000000304b0e8 method=java.util.regex.Pattern$CharProperty$1.isSatisfiedBy(I)Z @ 5
Event: 4.042 Thread 0x0000000017981000 Uncommon trap: reason=class_check action=maybe_recompile pc=0x000000000304b0e8 method=java.util.regex.Pattern$CharProperty$1.isSatisfiedBy(I)Z @ 5
Event: 4.042 Thread 0x0000000017981000 Uncommon trap: reason=unstable_if action=reinterpret pc=0x000000000304b134 method=java.util.regex.Pattern$CharProperty.match(Ljava/util/regex/Matcher;ILjava/lang/CharSequence;)Z @ 5

Classes redefined (0 events):
No events

Internal exceptions (10 events):
Event: 3.582 Thread 0x0000000017981000 Exception <a 'java/security/PrivilegedActionException'> (0x00000000d6e2a328) thrown at [C:\re\workspace\8-2-build-windows-amd64-cygwin\jdk8u171\10807\hotspot\src\share\vm\prims\jvm.cpp, line 1435]
Event: 3.582 Thread 0x0000000017981000 Exception <a 'java/security/PrivilegedActionException'> (0x00000000d6e2a538) thrown at [C:\re\workspace\8-2-build-windows-amd64-cygwin\jdk8u171\10807\hotspot\src\share\vm\prims\jvm.cpp, line 1435]
Event: 3.586 Thread 0x0000000017981000 Exception <a 'java/security/PrivilegedActionException'> (0x00000000d6e50818) thrown at [C:\re\workspace\8-2-build-windows-amd64-cygwin\jdk8u171\10807\hotspot\src\share\vm\prims\jvm.cpp, line 1435]
Event: 3.586 Thread 0x0000000017981000 Exception <a 'java/security/PrivilegedActionException'> (0x00000000d6e50a28) thrown at [C:\re\workspace\8-2-build-windows-amd64-cygwin\jdk8u171\10807\hotspot\src\share\vm\prims\jvm.cpp, line 1435]
Event: 3.586 Thread 0x0000000017981000 Exception <a 'java/security/PrivilegedActionException'> (0x00000000d6e524c8) thrown at [C:\re\workspace\8-2-build-windows-amd64-cygwin\jdk8u171\10807\hotspot\src\share\vm\prims\jvm.cpp, line 1435]
Event: 3.586 Thread 0x0000000017981000 Exception <a 'java/security/PrivilegedActionException'> (0x00000000d6e526d8) thrown at [C:\re\workspace\8-2-build-windows-amd64-cygwin\jdk8u171\10807\hotspot\src\share\vm\prims\jvm.cpp, line 1435]
Event: 3.586 Thread 0x0000000017981000 Exception <a 'java/security/PrivilegedActionException'> (0x00000000d6e540b8) thrown at [C:\re\workspace\8-2-build-windows-amd64-cygwin\jdk8u171\10807\hotspot\src\share\vm\prims\jvm.cpp, line 1435]
Event: 3.586 Thread 0x0000000017981000 Exception <a 'java/security/PrivilegedActionException'> (0x00000000d6e542c8) thrown at [C:\re\workspace\8-2-build-windows-amd64-cygwin\jdk8u171\10807\hotspot\src\share\vm\prims\jvm.cpp, line 1435]
Event: 3.989 Thread 0x0000000017981000 Exception <a 'java/io/FileNotFoundException'> (0x00000000d6235518) thrown at [C:\re\workspace\8-2-build-windows-amd64-cygwin\jdk8u171\10807\hotspot\src\share\vm\prims\jni.cpp, line 709]
Event: 4.127 Thread 0x0000000017981000 Exception <a 'sun/nio/fs/WindowsException'> (0x00000000d6ab3710) thrown at [C:\re\workspace\8-2-build-windows-amd64-cygwin\jdk8u171\10807\hotspot\src\share\vm\prims\jni.cpp, line 709]

Events (10 events):
Event: 4.303 Thread 0x0000000019bf1000 Thread added: 0x0000000019bf1000
Event: 4.303 Thread 0x0000000019bf1800 Thread added: 0x0000000019bf1800
Event: 4.303 Thread 0x0000000019bf2800 Thread added: 0x0000000019bf2800
Event: 4.304 Thread 0x0000000019ab4000 Thread exited: 0x0000000019ab4000
Event: 4.304 Thread 0x000000001797f000 Thread exited: 0x000000001797f000
Event: 4.305 loading class sun/java2d/pipe/hw/AccelDeviceEventNotifier
Event: 4.305 loading class sun/java2d/pipe/hw/AccelDeviceEventNotifier done
Event: 4.305 Thread 0x0000000019bf1000 Thread exited: 0x0000000019bf1000
Event: 4.332 Thread 0x0000000019681000 Thread exited: 0x0000000019681000
Event: 4.405 Thread 0x0000000019bf2800 Thread exited: 0x0000000019bf2800


Dynamic libraries:
0x00007ff7714c0000 - 0x00007ff7714f7000 	C:\Program Files\Java\jre1.8.0_171\bin\javaw.exe
0x00007ffc6cd70000 - 0x00007ffc6cf51000 	C:\WINDOWS\SYSTEM32\ntdll.dll
0x00007ffc4c850000 - 0x00007ffc4c884000 	C:\Program Files\AVAST Software\Avast\x64\aswhooka.dll
0x00007ffc6aa20000 - 0x00007ffc6aad2000 	C:\WINDOWS\System32\KERNEL32.DLL
0x00007ffc69dc0000 - 0x00007ffc6a033000 	C:\WINDOWS\System32\KERNELBASE.dll
0x00007ffc6a610000 - 0x00007ffc6a6b1000 	C:\WINDOWS\System32\ADVAPI32.dll
0x00007ffc6b1b0000 - 0x00007ffc6b24e000 	C:\WINDOWS\System32\msvcrt.dll
0x00007ffc6b150000 - 0x00007ffc6b1ab000 	C:\WINDOWS\System32\sechost.dll
0x00007ffc6aff0000 - 0x00007ffc6b114000 	C:\WINDOWS\System32\RPCRT4.dll
0x00007ffc6c6d0000 - 0x00007ffc6c860000 	C:\WINDOWS\System32\USER32.dll
0x00007ffc6a1e0000 - 0x00007ffc6a200000 	C:\WINDOWS\System32\win32u.dll
0x00007ffc6b260000 - 0x00007ffc6b288000 	C:\WINDOWS\System32\GDI32.dll
0x00007ffc6a040000 - 0x00007ffc6a1d2000 	C:\WINDOWS\System32\gdi32full.dll
0x00007ffc691c0000 - 0x00007ffc6925f000 	C:\WINDOWS\System32\msvcp_win.dll
0x00007ffc69560000 - 0x00007ffc6965a000 	C:\WINDOWS\System32\ucrtbase.dll
0x00007ffc5fad0000 - 0x00007ffc5fd39000 	C:\WINDOWS\WinSxS\amd64_microsoft.windows.common-controls_6595b64144ccf1df_6.0.17134.48_none_b4b2216a3cb4dd3e\COMCTL32.dll
0x00007ffc6a200000 - 0x00007ffc6a523000 	C:\WINDOWS\System32\combase.dll
0x00007ffc69140000 - 0x00007ffc691ba000 	C:\WINDOWS\System32\bcryptPrimitives.dll
0x00007ffc6b120000 - 0x00007ffc6b14d000 	C:\WINDOWS\System32\IMM32.DLL
0x0000000060910000 - 0x00000000609e2000 	C:\Program Files\Java\jre1.8.0_171\bin\msvcr100.dll
0x0000000060ec0000 - 0x0000000061760000 	C:\Program Files\Java\jre1.8.0_171\bin\server\jvm.dll
0x00007ffc6b250000 - 0x00007ffc6b258000 	C:\WINDOWS\System32\PSAPI.DLL
0x00007ffc66e70000 - 0x00007ffc66e79000 	C:\WINDOWS\SYSTEM32\WSOCK32.dll
0x00007ffc6ccb0000 - 0x00007ffc6cd1c000 	C:\WINDOWS\System32\WS2_32.dll
0x00007ffc66de0000 - 0x00007ffc66e03000 	C:\WINDOWS\SYSTEM32\WINMM.dll
0x00007ffc5d5c0000 - 0x00007ffc5d5ca000 	C:\WINDOWS\SYSTEM32\VERSION.dll
0x00007ffc66db0000 - 0x00007ffc66dda000 	C:\WINDOWS\SYSTEM32\WINMMBASE.dll
0x00007ffc69660000 - 0x00007ffc696a9000 	C:\WINDOWS\System32\cfgmgr32.dll
0x0000000060dd0000 - 0x0000000060ddf000 	C:\Program Files\Java\jre1.8.0_171\bin\verify.dll
0x0000000060da0000 - 0x0000000060dc9000 	C:\Program Files\Java\jre1.8.0_171\bin\java.dll
0x0000000060d80000 - 0x0000000060d96000 	C:\Program Files\Java\jre1.8.0_171\bin\zip.dll
0x00007ffc6b290000 - 0x00007ffc6c6d0000 	C:\WINDOWS\System32\SHELL32.dll
0x00007ffc6aaf0000 - 0x00007ffc6ab99000 	C:\WINDOWS\System32\shcore.dll
0x00007ffc696b0000 - 0x00007ffc69dbd000 	C:\WINDOWS\System32\windows.storage.dll
0x00007ffc6a840000 - 0x00007ffc6a891000 	C:\WINDOWS\System32\shlwapi.dll
0x00007ffc690d0000 - 0x00007ffc690e1000 	C:\WINDOWS\System32\kernel.appcore.dll
0x00007ffc69120000 - 0x00007ffc6913f000 	C:\WINDOWS\System32\profapi.dll
0x00007ffc69080000 - 0x00007ffc690cc000 	C:\WINDOWS\System32\powrprof.dll
0x00007ffc690f0000 - 0x00007ffc690fa000 	C:\WINDOWS\System32\FLTLIB.DLL
0x0000000060b60000 - 0x0000000060cf8000 	C:\Program Files\Java\jre1.8.0_171\bin\awt.dll
0x00007ffc6a950000 - 0x00007ffc6aa12000 	C:\WINDOWS\System32\OLEAUT32.dll
0x00007ffc675e0000 - 0x00007ffc6766b000 	C:\WINDOWS\SYSTEM32\apphelp.dll
0x00007ffc67740000 - 0x00007ffc677d8000 	C:\WINDOWS\system32\uxtheme.dll
0x00007ffc6a6c0000 - 0x00007ffc6a835000 	C:\WINDOWS\System32\MSCTF.dll
0x00007ffc67810000 - 0x00007ffc67839000 	C:\WINDOWS\system32\dwmapi.dll
0x00007ffc6c9b0000 - 0x00007ffc6cb01000 	C:\WINDOWS\System32\ole32.dll
0x00007ffc39690000 - 0x00007ffc397b0000 	C:\WINDOWS\system32\opengl32.dll
0x00007ffc5f400000 - 0x00007ffc5f42c000 	C:\WINDOWS\SYSTEM32\GLU32.dll
0x0000000060a70000 - 0x0000000060aa1000 	C:\Program Files\Java\jre1.8.0_171\bin\jpeg.dll
0x0000000060b00000 - 0x0000000060b47000 	C:\Program Files\Java\jre1.8.0_171\bin\fontmanager.dll
0x00007ffc5f1e0000 - 0x00007ffc5f278000 	C:\WINDOWS\System32\TextInputFramework.dll
0x00007ffc61820000 - 0x00007ffc61b3e000 	C:\WINDOWS\System32\CoreUIComponents.dll
0x00007ffc66b70000 - 0x00007ffc66c4a000 	C:\WINDOWS\System32\CoreMessaging.dll
0x00007ffc68140000 - 0x00007ffc68171000 	C:\WINDOWS\SYSTEM32\ntmarta.dll
0x00007ffc64b30000 - 0x00007ffc64c7d000 	C:\WINDOWS\SYSTEM32\wintypes.dll
0x0000000060d60000 - 0x0000000060d7a000 	C:\Program Files\Java\jre1.8.0_171\bin\net.dll
0x00007ffc688a0000 - 0x00007ffc68906000 	C:\WINDOWS\system32\mswsock.dll
0x0000000060d40000 - 0x0000000060d51000 	C:\Program Files\Java\jre1.8.0_171\bin\nio.dll
0x0000000060ab0000 - 0x0000000060af2000 	C:\Program Files\Java\jre1.8.0_171\bin\t2k.dll
0x0000000180000000 - 0x000000018003e000 	C:\Program Files\MATLAB\MATLAB Runtime\v92\bin\win64\BuilderJABootstrap.dll
0x0000000002ca0000 - 0x0000000002cac000 	C:\Program Files\MATLAB\MATLAB Runtime\v92\bin\win64\nativedl.dll
0x00007ffc586f0000 - 0x00007ffc58796000 	C:\WINDOWS\SYSTEM32\MSVCP120.dll
0x00007ffc59960000 - 0x00007ffc59a4f000 	C:\WINDOWS\SYSTEM32\MSVCR120.dll
0x000000001e0f0000 - 0x000000001e302000 	C:\Program Files\MATLAB\MATLAB Runtime\v92\bin\win64\libmwfl.dll
0x00007ffc54240000 - 0x00007ffc54409000 	C:\WINDOWS\SYSTEM32\dbghelp.dll
0x00007ffc5b2b0000 - 0x00007ffc5b2c1000 	C:\Program Files\MATLAB\MATLAB Runtime\v92\bin\win64\boost_date_time-vc120-mt-1_56.dll
0x00007ffc5b140000 - 0x00007ffc5b162000 	C:\Program Files\MATLAB\MATLAB Runtime\v92\bin\win64\boost_filesystem-vc120-mt-1_56.dll
0x00007ffc32e80000 - 0x00007ffc32f15000 	C:\Program Files\MATLAB\MATLAB Runtime\v92\bin\win64\boost_log-vc120-mt-1_56.dll
0x00007ffc32d70000 - 0x00007ffc32e74000 	C:\Program Files\MATLAB\MATLAB Runtime\v92\bin\win64\boost_regex-vc120-mt-1_56.dll
0x00007ffc48330000 - 0x00007ffc48373000 	C:\Program Files\MATLAB\MATLAB Runtime\v92\bin\win64\boost_serialization-vc120-mt-1_56.dll
0x00007ffc59b20000 - 0x00007ffc59b33000 	C:\Program Files\MATLAB\MATLAB Runtime\v92\bin\win64\boost_signals-vc120-mt-1_56.dll
0x00007ffc66e60000 - 0x00007ffc66e6a000 	C:\Program Files\MATLAB\MATLAB Runtime\v92\bin\win64\boost_system-vc120-mt-1_56.dll
0x00007ffc57d60000 - 0x00007ffc57d7e000 	C:\Program Files\MATLAB\MATLAB Runtime\v92\bin\win64\boost_thread-vc120-mt-1_56.dll
0x00007ffc64960000 - 0x00007ffc6496b000 	C:\Program Files\MATLAB\MATLAB Runtime\v92\bin\win64\boost_chrono-vc120-mt-1_56.dll
0x000000001a6d0000 - 0x000000001a6d9000 	C:\Program Files\MATLAB\MATLAB Runtime\v92\bin\win64\libmwresource_core.dll
0x000000001e310000 - 0x000000001e48e000 	C:\Program Files\MATLAB\MATLAB Runtime\v92\bin\win64\libmwi18n.dll
0x00007ffc563f0000 - 0x00007ffc56416000 	C:\Program Files\MATLAB\MATLAB Runtime\v92\bin\win64\LIBEXPAT.dll
0x0000000060710000 - 0x000000006090e000 	C:\Program Files\MATLAB\MATLAB Runtime\v92\bin\win64\icuin56.dll
0x00000000605b0000 - 0x000000006070c000 	C:\Program Files\MATLAB\MATLAB Runtime\v92\bin\win64\icuuc56.dll
0x000000001e490000 - 0x000000001fc76000 	C:\Program Files\MATLAB\MATLAB Runtime\v92\bin\win64\icudt56.dll
0x000000001fc80000 - 0x000000001ffa1000 	C:\Program Files\MATLAB\MATLAB Runtime\v92\bin\win64\nativemcl.dll
0x000000001ffb0000 - 0x000000002009a000 	C:\Program Files\MATLAB\MATLAB Runtime\v92\bin\win64\libut.dll
0x00000000200a0000 - 0x00000000201f2000 	C:\Program Files\MATLAB\MATLAB Runtime\v92\bin\win64\libmx.dll
0x0000000020200000 - 0x0000000020628000 	C:\Program Files\MATLAB\MATLAB Runtime\v92\bin\win64\libmwservices.dll
0x00007ffc6c8c0000 - 0x00007ffc6c9ad000 	C:\WINDOWS\System32\COMDLG32.dll
0x0000000020630000 - 0x0000000020bbc000 	C:\Program Files\MATLAB\MATLAB Runtime\v92\bin\win64\mlutil.dll
0x0000000020bc0000 - 0x0000000020ff5000 	C:\Program Files\MATLAB\MATLAB Runtime\v92\bin\win64\mclmcr.dll
0x000000001a820000 - 0x000000001a890000 	C:\Program Files\MATLAB\MATLAB Runtime\v92\bin\win64\mclbase.dll
0x0000000021000000 - 0x00000000211e7000 	C:\Program Files\MATLAB\MATLAB Runtime\v92\bin\win64\jmi.dll
0x000000001a890000 - 0x000000001a8ad000 	C:\Program Files\MATLAB\MATLAB Runtime\v92\bin\win64\jproxy.dll
0x00000000211f0000 - 0x0000000021236000 	C:\Program Files\MATLAB\MATLAB Runtime\v92\bin\win64\dservices.dll
0x0000000060590000 - 0x00000000605a1000 	C:\Program Files\MATLAB\MATLAB Runtime\v92\bin\win64\icuio56.dll
0x00007ffc416d0000 - 0x00007ffc4170f000 	C:\Program Files\MATLAB\MATLAB Runtime\v92\bin\win64\tbb.dll
0x00007ffc41690000 - 0x00007ffc416d0000 	C:\Program Files\MATLAB\MATLAB Runtime\v92\bin\win64\tbbmalloc.dll
0x0000000060570000 - 0x0000000060587000 	C:\Program Files\MATLAB\MATLAB Runtime\v92\bin\win64\zlib1.dll
0x00007ffc57d40000 - 0x00007ffc57d57000 	C:\Program Files\MATLAB\MATLAB Runtime\v92\bin\win64\boost_iostreams-vc120-mt-1_56.dll
0x00007ffc54f20000 - 0x00007ffc54f37000 	C:\WINDOWS\SYSTEM32\NETAPI32.dll
0x00007ffc617d0000 - 0x00007ffc617ea000 	C:\WINDOWS\SYSTEM32\dhcpcsvc.DLL
0x00007ffc6aae0000 - 0x00007ffc6aae8000 	C:\WINDOWS\System32\NSI.dll
0x0000000021240000 - 0x000000002126f000 	C:\Program Files\MATLAB\MATLAB Runtime\v92\bin\win64\libmwfoundation_usm.dll
0x0000000021270000 - 0x00000000212b5000 	C:\Program Files\MATLAB\MATLAB Runtime\v92\bin\win64\libmwlivecode.dll
0x00000000212c0000 - 0x00000000212f5000 	C:\Program Files\MATLAB\MATLAB Runtime\v92\bin\win64\libmwcppmicroservices.dll
0x0000000021300000 - 0x000000002134f000 	C:\Program Files\MATLAB\MATLAB Runtime\v92\bin\win64\libmwregexp.dll
0x0000000021350000 - 0x00000000218aa000 	C:\Program Files\MATLAB\MATLAB Runtime\v92\bin\win64\mpath.dll
0x00000000218b0000 - 0x0000000021bfb000 	C:\Program Files\MATLAB\MATLAB Runtime\v92\bin\win64\settingscore.dll
0x0000000021c00000 - 0x0000000022042000 	C:\Program Files\MATLAB\MATLAB Runtime\v92\bin\win64\libmwms.dll
0x0000000022050000 - 0x000000002215b000 	C:\Program Files\MATLAB\MATLAB Runtime\v92\bin\win64\CppMicroServices.dll
0x0000000022160000 - 0x00000000222d5000 	C:\Program Files\MATLAB\MATLAB Runtime\v92\bin\win64\mcr.dll
0x00000000222e0000 - 0x0000000022312000 	C:\Program Files\MATLAB\MATLAB Runtime\v92\bin\win64\libmwgraphics_state.dll
0x0000000022320000 - 0x000000002235e000 	C:\Program Files\MATLAB\MATLAB Runtime\v92\bin\win64\libmex.dll
0x0000000022360000 - 0x0000000022390000 	C:\Program Files\MATLAB\MATLAB Runtime\v92\bin\win64\ctfdatainterfaces.dll
0x0000000022390000 - 0x0000000022469000 	C:\Program Files\MATLAB\MATLAB Runtime\v92\bin\win64\ctfpackage.dll
0x0000000022470000 - 0x000000002248c000 	C:\Program Files\MATLAB\MATLAB Runtime\v92\bin\win64\ctfrt.dll
0x0000000022490000 - 0x00000000225f9000 	C:\Program Files\MATLAB\MATLAB Runtime\v92\bin\win64\ctfrtcrypto.dll
0x0000000022600000 - 0x0000000022893000 	C:\Program Files\MATLAB\MATLAB Runtime\v92\bin\win64\m_interpreter.dll
0x00000000228a0000 - 0x0000000022bc5000 	C:\Program Files\MATLAB\MATLAB Runtime\v92\bin\win64\mvm.dll
0x0000000022bd0000 - 0x0000000022d2b000 	C:\Program Files\MATLAB\MATLAB Runtime\v92\bin\win64\iqm.dll
0x0000000022d30000 - 0x0000000022d39000 	C:\Program Files\MATLAB\MATLAB Runtime\v92\bin\win64\mcli18nutil.dll
0x0000000022d40000 - 0x0000000022f05000 	C:\Program Files\MATLAB\MATLAB Runtime\v92\bin\win64\m_dispatcher.dll
0x0000000022f10000 - 0x00000000236ac000 	C:\Program Files\MATLAB\MATLAB Runtime\v92\bin\win64\m_parser.dll
0x00000000236b0000 - 0x00000000236bf000 	C:\Program Files\MATLAB\MATLAB Runtime\v92\bin\win64\nativejava_services.dll
0x00000000236c0000 - 0x0000000023720000 	C:\Program Files\MATLAB\MATLAB Runtime\v92\bin\win64\mcos.dll
0x0000000023720000 - 0x000000002373c000 	C:\Program Files\MATLAB\MATLAB Runtime\v92\bin\win64\string_matrix.dll
0x0000000023740000 - 0x000000002379c000 	C:\Program Files\MATLAB\MATLAB Runtime\v92\bin\win64\opccore.dll
0x00000000237a0000 - 0x000000002391a000 	C:\Program Files\MATLAB\MATLAB Runtime\v92\bin\win64\opcmodel.dll
0x0000000023920000 - 0x0000000023948000 	C:\Program Files\MATLAB\MATLAB Runtime\v92\bin\win64\opczippackage.dll
0x0000000023950000 - 0x00000000239b6000 	C:\Program Files\MATLAB\MATLAB Runtime\v92\bin\win64\opcmwservices.dll
0x00000000239c0000 - 0x0000000023c20000 	C:\Program Files\MATLAB\MATLAB Runtime\v92\bin\win64\xerces-c_3_1.dll

VM Arguments:
jvm_args: -Djava.library.path=C:\Program Files (x86)\opencv\build\java\x64 -Dfile.encoding=Cp1254 
java_command: yapabileceklerim
java_class_path (initial): C:\Program Files\Java\jre1.8.0_171\lib\resources.jar;C:\Program Files\Java\jre1.8.0_171\lib\rt.jar;C:\Program Files\Java\jre1.8.0_171\lib\jsse.jar;C:\Program Files\Java\jre1.8.0_171\lib\jce.jar;C:\Program Files\Java\jre1.8.0_171\lib\charsets.jar;C:\Program Files\Java\jre1.8.0_171\lib\jfr.jar;C:\Program Files\Java\jre1.8.0_171\lib\ext\access-bridge-64.jar;C:\Program Files\Java\jre1.8.0_171\lib\ext\cldrdata.jar;C:\Program Files\Java\jre1.8.0_171\lib\ext\dnsns.jar;C:\Program Files\Java\jre1.8.0_171\lib\ext\jaccess.jar;C:\Program Files\Java\jre1.8.0_171\lib\ext\jfxrt.jar;C:\Program Files\Java\jre1.8.0_171\lib\ext\localedata.jar;C:\Program Files\Java\jre1.8.0_171\lib\ext\nashorn.jar;C:\Program Files\Java\jre1.8.0_171\lib\ext\sunec.jar;C:\Program Files\Java\jre1.8.0_171\lib\ext\sunjce_provider.jar;C:\Program Files\Java\jre1.8.0_171\lib\ext\sunmscapi.jar;C:\Program Files\Java\jre1.8.0_171\lib\ext\sunpkcs11.jar;C:\Program Files\Java\jre1.8.0_171\lib\ext\zipfs.jar;C:\Users\kajme\eclipse-workspace\BitirmeProjesi\bin;C:\Program Files\MATLAB\R2017a\toolbox\javabuilder\jar\javabuilder.jar;C:\Users\kajme\Desktop\java_kutuphaneler\javamail-1.4.5\mail.jar;C:\Users\kajme\Desktop\java_kutuphaneler\JLayer1.0.1\jl1.0.1.jar;C:\Users\kajme\Desktop\java_kutuphaneler\SpeechRecognationLastVersion\speechrec\for_redistribution_files_only\speechrec.jar;C:\Program Files (x86)\opencv\build\java\opencv-341.jar;C:\Users\kajme\Desktop\java_kutuphaneler\DateChooser_plugin\DateChooser.jar
Launcher Type: SUN_STANDARD

Environment Variables:
JAVA_HOME=C:\Program Files\Java\jdk1.8.0_171
PATH=C:\Program Files\MATLAB\MATLAB Runtime\v92\bin\win64;C:\Program Files\Java\jre1.8.0_171\bin\server;C:\Program Files\Java\jre1.8.0_171\bin;C:\Program Files\Java\jre1.8.0_171\lib\amd64;C:\Program Files (x86)\Common Files\Oracle\Java\javapath;C:\WINDOWS\system32;C:\WINDOWS;C:\WINDOWS\System32\Wbem;C:\WINDOWS\System32\WindowsPowerShell\v1.0\;C:\Program Files (x86)\ATI Technologies\ATI.ACE\Core-Static;C:\Program Files\nodejs\;C:\Program Files\Git\cmd;C:\Program Files\dotnet\;C:\Program Files\Microsoft SQL Server\130\Tools\Binn\;C:\WINDOWS\System32\OpenSSH\;C:\Program Files\Java\jdk1.8.0_171\bin;C:\Program Files\MATLAB\MATLAB Runtime\v92\runtime\win64;C:\Program Files\MATLAB\R2017a\runtime\win64;C:\Program Files\MATLAB\R2017a\bin;C:\Users\kajme\AppData\Local\Microsoft\WindowsApps;C:\Users\kajme\AppData\Roaming\npm;C:\Users\kajme\Desktop
USERNAME=kajme
OS=Windows_NT
PROCESSOR_IDENTIFIER=Intel64 Family 6 Model 58 Stepping 9, GenuineIntel



---------------  S Y S T E M  ---------------

OS: Windows 10.0 , 64 bit Build 17134 (10.0.17134.1)

CPU:total 4 (initial active 4) (2 cores per cpu, 2 threads per core) family 6 model 58 stepping 9, cmov, cx8, fxsr, mmx, sse, sse2, sse3, ssse3, sse4.1, sse4.2, popcnt, avx, aes, clmul, erms, ht, tsc, tscinvbit, tscinv

Memory: 4k page, physical 8338660k(3743504k free), swap 9649380k(4329172k free)

vm_info: Java HotSpot(TM) 64-Bit Server VM (25.171-b11) for windows-amd64 JRE (1.8.0_171-b11), built on Mar 28 2018 16:06:12 by "java_re" with MS VC++ 10.0 (VS2010)

time: Tue Jun 05 16:34:39 2018
elapsed time: 4 seconds (0d 0h 0m 4s)

